{
  "RSpec": {
    "coverage": {
      "/app/app/models/food.rb": [
        1,
        3,
        null,
        1,
        1,
        1,
        1,
        null
      ],
      "/app/app/models/application_record.rb": [
        1,
        1,
        null
      ],
      "/app/app/validators/date_validator.rb": [
        1,
        1,
        869,
        866,
        866,
        866,
        null,
        null,
        1,
        null,
        1,
        8,
        null,
        null
      ],
      "/app/app/models/height.rb": [
        1,
        3,
        null,
        1,
        1,
        1,
        null
      ],
      "/app/app/models/user.rb": [
        1,
        1,
        1,
        1,
        1,
        1,
        1,
        1,
        1,
        null
      ],
      "/app/app/validators/email_validator.rb": [
        1,
        1,
        null,
        1,
        460,
        460,
        null,
        null,
        1,
        null,
        1,
        8,
        null,
        null
      ],
      "/app/app/models/weight.rb": [
        1,
        3,
        null,
        1,
        1,
        1,
        null
      ],
      "/app/app/models/workout.rb": [
        1,
        3,
        null,
        1,
        1,
        1,
        1,
        null
      ],
      "/app/app/helpers/sessions_helper.rb": [
        1,
        1,
        3,
        null,
        null,
        1,
        2,
        2,
        null,
        null,
        1,
        5,
        5,
        null,
        null,
        1,
        36,
        null,
        null,
        1,
        12,
        12,
        null,
        null
      ],
      "/app/app/controllers/api/foods_controller.rb": [
        1,
        1,
        null,
        1,
        1,
        null,
        1,
        2,
        null,
        null,
        1,
        8,
        null,
        null,
        1,
        3,
        3,
        3,
        2,
        null,
        1,
        null,
        null,
        null,
        1,
        4,
        2,
        null,
        2,
        null,
        null,
        null,
        1,
        7,
        7,
        null,
        null,
        1,
        null,
        1,
        31,
        31,
        null,
        null,
        1,
        7,
        null,
        null,
        null
      ],
      "/app/app/controllers/api/api_controller.rb": [
        1,
        1,
        1,
        1,
        null,
        1,
        null,
        1,
        null,
        1,
        205,
        205,
        null,
        205,
        null,
        null,
        1,
        118,
        null,
        null,
        1,
        21,
        null,
        null,
        null
      ],
      "/app/app/controllers/concerns/api_authentication.rb": [
        1,
        1,
        205,
        205,
        null,
        null
      ],
      "/app/app/controllers/concerns/api_response.rb": [
        1,
        1,
        68,
        null,
        null,
        1,
        109,
        109,
        null,
        null,
        1,
        44,
        null,
        null,
        1,
        48,
        null,
        null
      ],
      "/app/app/controllers/api/heights_controller.rb": [
        1,
        1,
        null,
        1,
        1,
        null,
        1,
        2,
        null,
        null,
        1,
        8,
        null,
        null,
        1,
        3,
        3,
        3,
        2,
        null,
        1,
        null,
        null,
        null,
        1,
        4,
        2,
        null,
        2,
        null,
        null,
        null,
        1,
        7,
        7,
        null,
        null,
        1,
        null,
        1,
        31,
        31,
        null,
        null,
        1,
        7,
        null,
        null,
        null
      ],
      "/app/app/controllers/api/users_controller.rb": [
        1,
        1,
        1,
        1,
        1,
        null,
        1,
        2,
        null,
        null,
        1,
        6,
        null,
        null,
        1,
        5,
        5,
        2,
        null,
        3,
        null,
        null,
        null,
        1,
        4,
        2,
        null,
        2,
        null,
        null,
        null,
        1,
        5,
        5,
        null,
        null,
        1,
        null,
        1,
        21,
        21,
        21,
        null,
        null,
        1,
        9,
        null,
        null,
        null,
        null
      ],
      "/app/app/controllers/api/weights_controller.rb": [
        1,
        1,
        null,
        1,
        1,
        null,
        1,
        2,
        null,
        null,
        1,
        8,
        null,
        null,
        1,
        3,
        3,
        3,
        2,
        null,
        1,
        null,
        null,
        null,
        1,
        4,
        2,
        null,
        2,
        null,
        null,
        null,
        1,
        7,
        7,
        null,
        null,
        1,
        null,
        1,
        31,
        31,
        null,
        null,
        1,
        7,
        null,
        null,
        null
      ],
      "/app/app/controllers/api/workouts_controller.rb": [
        1,
        1,
        null,
        1,
        1,
        null,
        1,
        2,
        null,
        null,
        1,
        8,
        null,
        null,
        1,
        3,
        3,
        3,
        2,
        null,
        1,
        null,
        null,
        null,
        1,
        4,
        2,
        null,
        2,
        null,
        null,
        null,
        1,
        7,
        7,
        null,
        null,
        1,
        null,
        1,
        31,
        31,
        null,
        null,
        1,
        7,
        null,
        null,
        null
      ],
      "/app/app/controllers/dashboard_controller.rb": [
        1,
        1,
        1,
        null,
        null
      ],
      "/app/app/controllers/application_controller.rb": [
        1,
        1,
        null
      ],
      "/app/app/controllers/foods_controller.rb": [
        1,
        1,
        1,
        1,
        null,
        1,
        null,
        null,
        1,
        1,
        null,
        null,
        1,
        null,
        null,
        1,
        2,
        2,
        2,
        1,
        1,
        null,
        1,
        null,
        null,
        null,
        1,
        2,
        1,
        1,
        null,
        1,
        null,
        null,
        null,
        1,
        1,
        1,
        1,
        null,
        null,
        1,
        null,
        1,
        1,
        null,
        null,
        1,
        4,
        null,
        null,
        1,
        4,
        null,
        null
      ],
      "/app/app/controllers/heights_controller.rb": [
        1,
        1,
        1,
        1,
        null,
        1,
        null,
        null,
        1,
        1,
        null,
        null,
        1,
        null,
        null,
        1,
        2,
        2,
        2,
        1,
        1,
        null,
        1,
        null,
        null,
        null,
        1,
        2,
        1,
        1,
        null,
        1,
        null,
        null,
        null,
        1,
        1,
        1,
        1,
        null,
        null,
        1,
        null,
        1,
        1,
        null,
        null,
        1,
        4,
        null,
        null,
        1,
        4,
        null,
        null
      ],
      "/app/app/controllers/sessions_controller.rb": [
        1,
        1,
        1,
        null,
        null,
        1,
        2,
        2,
        1,
        1,
        null,
        1,
        1,
        null,
        null,
        null,
        1,
        2,
        1,
        1,
        null,
        1,
        1,
        null,
        null,
        null,
        1,
        null,
        1,
        3,
        null,
        null
      ],
      "/app/app/controllers/users_controller.rb": [
        1,
        1,
        2,
        1,
        null,
        1,
        null,
        null,
        null,
        1,
        2,
        2,
        1,
        1,
        null,
        1,
        null,
        null,
        null,
        1,
        null,
        1,
        2,
        null,
        null
      ],
      "/app/app/controllers/weights_controller.rb": [
        1,
        1,
        1,
        1,
        null,
        1,
        null,
        null,
        1,
        1,
        null,
        null,
        1,
        null,
        null,
        1,
        2,
        2,
        2,
        1,
        1,
        null,
        1,
        null,
        null,
        null,
        1,
        2,
        1,
        1,
        null,
        1,
        null,
        null,
        null,
        1,
        1,
        1,
        1,
        null,
        null,
        1,
        null,
        1,
        1,
        null,
        null,
        1,
        4,
        null,
        null,
        1,
        4,
        null,
        null
      ],
      "/app/app/controllers/workouts_controller.rb": [
        1,
        1,
        1,
        1,
        null,
        1,
        null,
        null,
        1,
        1,
        null,
        null,
        1,
        null,
        null,
        1,
        2,
        2,
        2,
        1,
        1,
        null,
        1,
        null,
        null,
        null,
        1,
        2,
        1,
        1,
        null,
        1,
        null,
        null,
        null,
        1,
        1,
        1,
        1,
        null,
        null,
        1,
        null,
        1,
        1,
        null,
        null,
        1,
        4,
        null,
        null,
        1,
        4,
        null,
        null
      ]
    },
    "timestamp": 1544657280
  }
}
